This file contains any messages produced by compilers while
running configure, to aid debugging if configure makes a mistake.

It was created by udp_examples configure 1.1, which was
generated by GNU Autoconf 2.69.  Invocation command line was

  $ ./configure 

## --------- ##
## Platform. ##
## --------- ##

hostname = Pool09
uname -m = amd64
uname -r = 11.0-RELEASE-p1
uname -s = FreeBSD
uname -v = FreeBSD 11.0-RELEASE-p1 #0 r307035: Tue Oct 11 13:56:52 CEST 2016     weinrank@bsd12.nplab.de:/usr/obj/usr/src/sys/DISKLESS 

/usr/bin/uname -p = amd64
/bin/uname -X     = unknown

/bin/arch              = unknown
/usr/bin/arch -k       = unknown
/usr/convex/getsysinfo = unknown
/usr/bin/hostinfo      = unknown
/bin/machine           = unknown
/usr/bin/oslevel       = unknown
/bin/universe          = unknown

PATH: /sbin
PATH: /bin
PATH: /usr/sbin
PATH: /usr/bin
PATH: /usr/games
PATH: /usr/local/sbin
PATH: /usr/local/bin


## ----------- ##
## Core tests. ##
## ----------- ##

configure:2305: checking for a BSD-compatible install
configure:2373: result: /usr/bin/install -c
configure:2384: checking whether build environment is sane
configure:2439: result: yes
configure:2590: checking for a thread-safe mkdir -p
configure:2629: result: ./install-sh -c -d
configure:2636: checking for gawk
configure:2666: result: no
configure:2636: checking for mawk
configure:2666: result: no
configure:2636: checking for nawk
configure:2652: found /usr/bin/nawk
configure:2663: result: nawk
configure:2674: checking whether gmake sets $(MAKE)
configure:2696: result: yes
configure:2725: checking whether gmake supports nested variables
configure:2742: result: yes
configure:2917: checking for gcc
configure:2933: found /usr/local/bin/gcc
configure:2944: result: gcc
configure:3173: checking for C compiler version
configure:3182: gcc --version >&5
gcc (FreeBSD Ports Collection) 4.8.5
Copyright (C) 2015 Free Software Foundation, Inc.
This is free software; see the source for copying conditions.  There is NO
warranty; not even for MERCHANTABILITY or FITNESS FOR A PARTICULAR PURPOSE.

configure:3193: $? = 0
configure:3182: gcc -v >&5
Using built-in specs.
COLLECT_GCC=gcc
COLLECT_LTO_WRAPPER=/usr/local/libexec/gcc48/gcc/x86_64-portbld-freebsd11.0/4.8.5/lto-wrapper
Target: x86_64-portbld-freebsd11.0
Configured with: /wrkdirs/usr/ports/lang/gcc/work/gcc-4.8.5/configure --disable-bootstrap --disable-nls --enable-gnu-indirect-function --libdir=/usr/local/lib/gcc48 --libexecdir=/usr/local/libexec/gcc48 --program-suffix=48 --with-as=/usr/local/bin/as --with-gmp=/usr/local --with-gxx-include-dir=/usr/local/lib/gcc48/include/c++/ --with-ld=/usr/local/bin/ld --with-pkgversion='FreeBSD Ports Collection' --with-system-zlib --with-ecj-jar=/usr/local/share/java/ecj-4.5.jar --enable-languages=c,c++,objc,fortran,java --prefix=/usr/local --localstatedir=/var --mandir=/usr/local/man --infodir=/usr/local/info/gcc48 --build=x86_64-portbld-freebsd11.0
Thread model: posix
gcc version 4.8.5 (FreeBSD Ports Collection) 
configure:3193: $? = 0
configure:3182: gcc -V >&5
gcc: error: unrecognized command line option '-V'
gcc: fatal error: no input files
compilation terminated.
configure:3193: $? = 1
configure:3182: gcc -qversion >&5
gcc: error: unrecognized command line option '-qversion'
gcc: fatal error: no input files
compilation terminated.
configure:3193: $? = 1
configure:3213: checking whether the C compiler works
configure:3235: gcc    conftest.c  >&5
configure:3239: $? = 0
configure:3287: result: yes
configure:3290: checking for C compiler default output file name
configure:3292: result: a.out
configure:3298: checking for suffix of executables
configure:3305: gcc -o conftest    conftest.c  >&5
configure:3309: $? = 0
configure:3331: result: 
configure:3353: checking whether we are cross compiling
configure:3361: gcc -o conftest    conftest.c  >&5
configure:3365: $? = 0
configure:3372: ./conftest
configure:3376: $? = 0
configure:3391: result: no
configure:3396: checking for suffix of object files
configure:3418: gcc -c   conftest.c >&5
configure:3422: $? = 0
configure:3443: result: o
configure:3447: checking whether we are using the GNU C compiler
configure:3466: gcc -c   conftest.c >&5
configure:3466: $? = 0
configure:3475: result: yes
configure:3484: checking whether gcc accepts -g
configure:3504: gcc -c -g  conftest.c >&5
configure:3504: $? = 0
configure:3545: result: yes
configure:3562: checking for gcc option to accept ISO C89
configure:3625: gcc  -c -g -O2  conftest.c >&5
configure:3625: $? = 0
configure:3638: result: none needed
configure:3663: checking whether gcc understands -c and -o together
configure:3685: gcc -c conftest.c -o conftest2.o
configure:3688: $? = 0
configure:3685: gcc -c conftest.c -o conftest2.o
configure:3688: $? = 0
configure:3700: result: yes
configure:3728: checking for style of include used by gmake
configure:3756: result: GNU
configure:3782: checking dependency style of gcc
configure:3893: result: gcc3
configure:3913: checking build system type
configure:3927: result: amd64-unknown-freebsd11.0
configure:3947: checking host system type
configure:3960: result: amd64-unknown-freebsd11.0
configure:3995: checking how to run the C preprocessor
configure:4026: gcc -E  conftest.c
configure:4026: $? = 0
configure:4040: gcc -E  conftest.c
conftest.c:11:28: fatal error: ac_nonexistent.h: No such file or directory
 #include <ac_nonexistent.h>
                            ^
compilation terminated.
configure:4040: $? = 1
configure: failed program was:
| /* confdefs.h */
| #define PACKAGE_NAME "udp_examples"
| #define PACKAGE_TARNAME "udp_examples"
| #define PACKAGE_VERSION "1.1"
| #define PACKAGE_STRING "udp_examples 1.1"
| #define PACKAGE_BUGREPORT ""
| #define PACKAGE_URL ""
| #define PACKAGE "udp_examples"
| #define VERSION "1.1"
| /* end confdefs.h.  */
| #include <ac_nonexistent.h>
configure:4065: result: gcc -E
configure:4085: gcc -E  conftest.c
configure:4085: $? = 0
configure:4099: gcc -E  conftest.c
conftest.c:11:28: fatal error: ac_nonexistent.h: No such file or directory
 #include <ac_nonexistent.h>
                            ^
compilation terminated.
configure:4099: $? = 1
configure: failed program was:
| /* confdefs.h */
| #define PACKAGE_NAME "udp_examples"
| #define PACKAGE_TARNAME "udp_examples"
| #define PACKAGE_VERSION "1.1"
| #define PACKAGE_STRING "udp_examples 1.1"
| #define PACKAGE_BUGREPORT ""
| #define PACKAGE_URL ""
| #define PACKAGE "udp_examples"
| #define VERSION "1.1"
| /* end confdefs.h.  */
| #include <ac_nonexistent.h>
configure:4128: checking for grep that handles long lines and -e
configure:4186: result: /usr/bin/grep
configure:4191: checking for egrep
configure:4253: result: /usr/bin/grep -E
configure:4258: checking for ANSI C header files
configure:4278: gcc -c -g -O2 -Wall -std=c99 -pedantic -g -lc  conftest.c >&5
configure:4278: $? = 0
configure:4351: gcc -o conftest -g -O2 -Wall -std=c99 -pedantic -g -lc   conftest.c  >&5
configure:4351: $? = 0
configure:4351: ./conftest
configure:4351: $? = 0
configure:4362: result: yes
configure:4375: checking for sys/types.h
configure:4375: gcc -c -g -O2 -Wall -std=c99 -pedantic -g -lc  conftest.c >&5
configure:4375: $? = 0
configure:4375: result: yes
configure:4375: checking for sys/stat.h
configure:4375: gcc -c -g -O2 -Wall -std=c99 -pedantic -g -lc  conftest.c >&5
configure:4375: $? = 0
configure:4375: result: yes
configure:4375: checking for stdlib.h
configure:4375: gcc -c -g -O2 -Wall -std=c99 -pedantic -g -lc  conftest.c >&5
configure:4375: $? = 0
configure:4375: result: yes
configure:4375: checking for string.h
configure:4375: gcc -c -g -O2 -Wall -std=c99 -pedantic -g -lc  conftest.c >&5
configure:4375: $? = 0
configure:4375: result: yes
configure:4375: checking for memory.h
configure:4375: gcc -c -g -O2 -Wall -std=c99 -pedantic -g -lc  conftest.c >&5
configure:4375: $? = 0
configure:4375: result: yes
configure:4375: checking for strings.h
configure:4375: gcc -c -g -O2 -Wall -std=c99 -pedantic -g -lc  conftest.c >&5
configure:4375: $? = 0
configure:4375: result: yes
configure:4375: checking for inttypes.h
configure:4375: gcc -c -g -O2 -Wall -std=c99 -pedantic -g -lc  conftest.c >&5
configure:4375: $? = 0
configure:4375: result: yes
configure:4375: checking for stdint.h
configure:4375: gcc -c -g -O2 -Wall -std=c99 -pedantic -g -lc  conftest.c >&5
configure:4375: $? = 0
configure:4375: result: yes
configure:4375: checking for unistd.h
configure:4375: gcc -c -g -O2 -Wall -std=c99 -pedantic -g -lc  conftest.c >&5
configure:4375: $? = 0
configure:4375: result: yes
configure:4387: checking for size_t
configure:4387: gcc -c -g -O2 -Wall -std=c99 -pedantic -g -lc  conftest.c >&5
configure:4387: $? = 0
configure:4387: gcc -c -g -O2 -Wall -std=c99 -pedantic -g -lc  conftest.c >&5
conftest.c: In function 'main':
conftest.c:57:21: error: expected expression before ')' token
 if (sizeof ((size_t)))
                     ^
configure:4387: $? = 1
configure: failed program was:
| /* confdefs.h */
| #define PACKAGE_NAME "udp_examples"
| #define PACKAGE_TARNAME "udp_examples"
| #define PACKAGE_VERSION "1.1"
| #define PACKAGE_STRING "udp_examples 1.1"
| #define PACKAGE_BUGREPORT ""
| #define PACKAGE_URL ""
| #define PACKAGE "udp_examples"
| #define VERSION "1.1"
| #define STDC_HEADERS 1
| #define HAVE_SYS_TYPES_H 1
| #define HAVE_SYS_STAT_H 1
| #define HAVE_STDLIB_H 1
| #define HAVE_STRING_H 1
| #define HAVE_MEMORY_H 1
| #define HAVE_STRINGS_H 1
| #define HAVE_INTTYPES_H 1
| #define HAVE_STDINT_H 1
| #define HAVE_UNISTD_H 1
| /* end confdefs.h.  */
| #include <stdio.h>
| #ifdef HAVE_SYS_TYPES_H
| # include <sys/types.h>
| #endif
| #ifdef HAVE_SYS_STAT_H
| # include <sys/stat.h>
| #endif
| #ifdef STDC_HEADERS
| # include <stdlib.h>
| # include <stddef.h>
| #else
| # ifdef HAVE_STDLIB_H
| #  include <stdlib.h>
| # endif
| #endif
| #ifdef HAVE_STRING_H
| # if !defined STDC_HEADERS && defined HAVE_MEMORY_H
| #  include <memory.h>
| # endif
| # include <string.h>
| #endif
| #ifdef HAVE_STRINGS_H
| # include <strings.h>
| #endif
| #ifdef HAVE_INTTYPES_H
| # include <inttypes.h>
| #endif
| #ifdef HAVE_STDINT_H
| # include <stdint.h>
| #endif
| #ifdef HAVE_UNISTD_H
| # include <unistd.h>
| #endif
| int
| main ()
| {
| if (sizeof ((size_t)))
| 	    return 0;
|   ;
|   return 0;
| }
configure:4387: result: yes
configure:4392: checking for ssize_t
configure:4392: gcc -c -g -O2 -Wall -std=c99 -pedantic -g -lc  conftest.c >&5
configure:4392: $? = 0
configure:4392: gcc -c -g -O2 -Wall -std=c99 -pedantic -g -lc  conftest.c >&5
conftest.c: In function 'main':
conftest.c:57:22: error: expected expression before ')' token
 if (sizeof ((ssize_t)))
                      ^
configure:4392: $? = 1
configure: failed program was:
| /* confdefs.h */
| #define PACKAGE_NAME "udp_examples"
| #define PACKAGE_TARNAME "udp_examples"
| #define PACKAGE_VERSION "1.1"
| #define PACKAGE_STRING "udp_examples 1.1"
| #define PACKAGE_BUGREPORT ""
| #define PACKAGE_URL ""
| #define PACKAGE "udp_examples"
| #define VERSION "1.1"
| #define STDC_HEADERS 1
| #define HAVE_SYS_TYPES_H 1
| #define HAVE_SYS_STAT_H 1
| #define HAVE_STDLIB_H 1
| #define HAVE_STRING_H 1
| #define HAVE_MEMORY_H 1
| #define HAVE_STRINGS_H 1
| #define HAVE_INTTYPES_H 1
| #define HAVE_STDINT_H 1
| #define HAVE_UNISTD_H 1
| /* end confdefs.h.  */
| #include <stdio.h>
| #ifdef HAVE_SYS_TYPES_H
| # include <sys/types.h>
| #endif
| #ifdef HAVE_SYS_STAT_H
| # include <sys/stat.h>
| #endif
| #ifdef STDC_HEADERS
| # include <stdlib.h>
| # include <stddef.h>
| #else
| # ifdef HAVE_STDLIB_H
| #  include <stdlib.h>
| # endif
| #endif
| #ifdef HAVE_STRING_H
| # if !defined STDC_HEADERS && defined HAVE_MEMORY_H
| #  include <memory.h>
| # endif
| # include <string.h>
| #endif
| #ifdef HAVE_STRINGS_H
| # include <strings.h>
| #endif
| #ifdef HAVE_INTTYPES_H
| # include <inttypes.h>
| #endif
| #ifdef HAVE_STDINT_H
| # include <stdint.h>
| #endif
| #ifdef HAVE_UNISTD_H
| # include <unistd.h>
| #endif
| int
| main ()
| {
| if (sizeof ((ssize_t)))
| 	    return 0;
|   ;
|   return 0;
| }
configure:4392: result: yes
configure:4400: checking for socket
configure:4400: gcc -o conftest -g -O2 -Wall -std=c99 -pedantic -g -lc   conftest.c  >&5
configure:4400: $? = 0
configure:4400: result: yes
configure:4457: checking for inet_addr
configure:4457: gcc -o conftest -g -O2 -Wall -std=c99 -pedantic -g -lc   conftest.c  >&5
configure:4457: $? = 0
configure:4457: result: yes
configure:4515: checking for sys/types.h
configure:4515: result: yes
configure:4525: checking for struct sockaddr_in.sin_len
configure:4525: gcc -c -g -O2 -Wall -std=c99 -pedantic -g -lc  conftest.c >&5
configure:4525: $? = 0
configure:4525: result: yes
configure:4537: checking for socklen_t
configure:4553: gcc -c -g -O2 -Wall -std=c99 -pedantic -g -lc  conftest.c >&5
conftest.c: In function 'main':
conftest.c:32:11: warning: variable 'x' set but not used [-Wunused-but-set-variable]
 socklen_t x; x = 1; return 0;
           ^
configure:4553: $? = 0
configure:4554: result: yes
configure:4712: checking that generated files are newer than configure
configure:4718: result: done
configure:4741: creating ./config.status

## ---------------------- ##
## Running config.status. ##
## ---------------------- ##

This file was extended by udp_examples config.status 1.1, which was
generated by GNU Autoconf 2.69.  Invocation command line was

  CONFIG_FILES    = 
  CONFIG_HEADERS  = 
  CONFIG_LINKS    = 
  CONFIG_COMMANDS = 
  $ ./config.status 

on Pool09

config.status:785: creating Makefile
config.status:957: executing depfiles commands

## ---------------- ##
## Cache variables. ##
## ---------------- ##

ac_cv_build=amd64-unknown-freebsd11.0
ac_cv_c_compiler_gnu=yes
ac_cv_env_CC_set=''
ac_cv_env_CC_value=''
ac_cv_env_CFLAGS_set=''
ac_cv_env_CFLAGS_value=''
ac_cv_env_CPPFLAGS_set=''
ac_cv_env_CPPFLAGS_value=''
ac_cv_env_CPP_set=''
ac_cv_env_CPP_value=''
ac_cv_env_LDFLAGS_set=''
ac_cv_env_LDFLAGS_value=''
ac_cv_env_LIBS_set=''
ac_cv_env_LIBS_value=''
ac_cv_env_build_alias_set=''
ac_cv_env_build_alias_value=''
ac_cv_env_host_alias_set=''
ac_cv_env_host_alias_value=''
ac_cv_env_target_alias_set=''
ac_cv_env_target_alias_value=''
ac_cv_func_inet_addr=yes
ac_cv_func_socket=yes
ac_cv_header_inttypes_h=yes
ac_cv_header_memory_h=yes
ac_cv_header_stdc=yes
ac_cv_header_stdint_h=yes
ac_cv_header_stdlib_h=yes
ac_cv_header_string_h=yes
ac_cv_header_strings_h=yes
ac_cv_header_sys_stat_h=yes
ac_cv_header_sys_types_h=yes
ac_cv_header_unistd_h=yes
ac_cv_host=amd64-unknown-freebsd11.0
ac_cv_member_struct_sockaddr_in_sin_len=yes
ac_cv_objext=o
ac_cv_path_EGREP='/usr/bin/grep -E'
ac_cv_path_GREP=/usr/bin/grep
ac_cv_path_install='/usr/bin/install -c'
ac_cv_prog_AWK=nawk
ac_cv_prog_CPP='gcc -E'
ac_cv_prog_ac_ct_CC=gcc
ac_cv_prog_cc_c89=''
ac_cv_prog_cc_g=yes
ac_cv_prog_make_gmake_set=yes
ac_cv_type_size_t=yes
ac_cv_type_ssize_t=yes
am_cv_CC_dependencies_compiler_type=gcc3
am_cv_make_support_nested_variables=yes
am_cv_prog_cc_c_o=yes

## ----------------- ##
## Output variables. ##
## ----------------- ##

ACLOCAL='${SHELL} /home/bsduser090/projects/tcp_examples/missing aclocal-1.15'
AMDEPBACKSLASH='\'
AMDEP_FALSE='#'
AMDEP_TRUE=''
AMTAR='$${TAR-tar}'
AM_BACKSLASH='\'
AM_DEFAULT_V='$(AM_DEFAULT_VERBOSITY)'
AM_DEFAULT_VERBOSITY='1'
AM_V='$(V)'
AUTOCONF='${SHELL} /home/bsduser090/projects/tcp_examples/missing autoconf'
AUTOHEADER='${SHELL} /home/bsduser090/projects/tcp_examples/missing autoheader'
AUTOMAKE='${SHELL} /home/bsduser090/projects/tcp_examples/missing automake-1.15'
AWK='nawk'
CC='gcc'
CCDEPMODE='depmode=gcc3'
CFLAGS='-g -O2 -Wall -std=c99 -pedantic -g -lc'
CPP='gcc -E'
CPPFLAGS=''
CYGPATH_W='echo'
DEFS='-DPACKAGE_NAME=\"udp_examples\" -DPACKAGE_TARNAME=\"udp_examples\" -DPACKAGE_VERSION=\"1.1\" -DPACKAGE_STRING=\"udp_examples\ 1.1\" -DPACKAGE_BUGREPORT=\"\" -DPACKAGE_URL=\"\" -DPACKAGE=\"udp_examples\" -DVERSION=\"1.1\" -DSTDC_HEADERS=1 -DHAVE_SYS_TYPES_H=1 -DHAVE_SYS_STAT_H=1 -DHAVE_STDLIB_H=1 -DHAVE_STRING_H=1 -DHAVE_MEMORY_H=1 -DHAVE_STRINGS_H=1 -DHAVE_INTTYPES_H=1 -DHAVE_STDINT_H=1 -DHAVE_UNISTD_H=1 -DHAVE_SOCKET=1 -DHAVE_INET_ADDR=1 -DHAVE_SYS_TYPES_H=1 -DHAVE_SIN_LEN=1'
DEPDIR='.deps'
ECHO_C=''
ECHO_N='-n'
ECHO_T=''
EGREP='/usr/bin/grep -E'
EXEEXT=''
GREP='/usr/bin/grep'
INSTALL_DATA='${INSTALL} -m 644'
INSTALL_PROGRAM='${INSTALL}'
INSTALL_SCRIPT='${INSTALL}'
INSTALL_STRIP_PROGRAM='$(install_sh) -c -s'
LDFLAGS=''
LIBOBJS=''
LIBS=''
LTLIBOBJS=''
MAKEINFO='${SHELL} /home/bsduser090/projects/tcp_examples/missing makeinfo'
MKDIR_P='./install-sh -c -d'
OBJEXT='o'
PACKAGE='udp_examples'
PACKAGE_BUGREPORT=''
PACKAGE_NAME='udp_examples'
PACKAGE_STRING='udp_examples 1.1'
PACKAGE_TARNAME='udp_examples'
PACKAGE_URL=''
PACKAGE_VERSION='1.1'
PATH_SEPARATOR=':'
SET_MAKE=''
SHELL='/bin/sh'
STRIP=''
VERSION='1.1'
ac_ct_CC='gcc'
am__EXEEXT_FALSE=''
am__EXEEXT_TRUE='#'
am__fastdepCC_FALSE='#'
am__fastdepCC_TRUE=''
am__include='include'
am__isrc=''
am__leading_dot='.'
am__nodep='_no'
am__quote=''
am__tar='$${TAR-tar} chof - "$$tardir"'
am__untar='$${TAR-tar} xf -'
bindir='${exec_prefix}/bin'
build='amd64-unknown-freebsd11.0'
build_alias=''
build_cpu='amd64'
build_os='freebsd11.0'
build_vendor='unknown'
datadir='${datarootdir}'
datarootdir='${prefix}/share'
docdir='${datarootdir}/doc/${PACKAGE_TARNAME}'
dvidir='${docdir}'
exec_prefix='${prefix}'
host='amd64-unknown-freebsd11.0'
host_alias=''
host_cpu='amd64'
host_os='freebsd11.0'
host_vendor='unknown'
htmldir='${docdir}'
includedir='${prefix}/include'
infodir='${datarootdir}/info'
install_sh='${SHELL} /home/bsduser090/projects/tcp_examples/install-sh'
libdir='${exec_prefix}/lib'
libexecdir='${exec_prefix}/libexec'
localedir='${datarootdir}/locale'
localstatedir='${prefix}/var'
mandir='${datarootdir}/man'
mkdir_p='$(MKDIR_P)'
oldincludedir='/usr/include'
pdfdir='${docdir}'
prefix='/usr/local'
program_transform_name='s,x,x,'
psdir='${docdir}'
sbindir='${exec_prefix}/sbin'
sharedstatedir='${prefix}/com'
sysconfdir='${prefix}/etc'
target_alias=''

## ----------- ##
## confdefs.h. ##
## ----------- ##

/* confdefs.h */
#define PACKAGE_NAME "udp_examples"
#define PACKAGE_TARNAME "udp_examples"
#define PACKAGE_VERSION "1.1"
#define PACKAGE_STRING "udp_examples 1.1"
#define PACKAGE_BUGREPORT ""
#define PACKAGE_URL ""
#define PACKAGE "udp_examples"
#define VERSION "1.1"
#define STDC_HEADERS 1
#define HAVE_SYS_TYPES_H 1
#define HAVE_SYS_STAT_H 1
#define HAVE_STDLIB_H 1
#define HAVE_STRING_H 1
#define HAVE_MEMORY_H 1
#define HAVE_STRINGS_H 1
#define HAVE_INTTYPES_H 1
#define HAVE_STDINT_H 1
#define HAVE_UNISTD_H 1
#define HAVE_SOCKET 1
#define HAVE_INET_ADDR 1
#define HAVE_SYS_TYPES_H 1
#define HAVE_SIN_LEN 1

configure: exit 0
